{"total": {"lines":{"total":39,"covered":35,"skipped":0,"pct":89.74},"statements":{"total":59,"covered":52,"skipped":0,"pct":88.14},"functions":{"total":27,"covered":24,"skipped":0,"pct":88.89},"branches":{"total":18,"covered":14,"skipped":0,"pct":77.78}}
,"/home/fabien/Documents/work/gka-composite/src/experimental.js": {"lines":{"total":13,"covered":13,"skipped":0,"pct":100},"functions":{"total":8,"covered":8,"skipped":0,"pct":100},"statements":{"total":19,"covered":19,"skipped":0,"pct":100},"branches":{"total":8,"covered":8,"skipped":0,"pct":100}}
,"/home/fabien/Documents/work/gka-composite/src/index.js": {"lines":{"total":26,"covered":22,"skipped":0,"pct":84.62},"functions":{"total":19,"covered":16,"skipped":0,"pct":84.21},"statements":{"total":40,"covered":33,"skipped":0,"pct":82.5},"branches":{"total":10,"covered":6,"skipped":0,"pct":60}}
}
