{"/home/fabien/Documents/work/gka-redux-action-types/src/ActionTypes/index.js": {"path":"/home/fabien/Documents/work/gka-redux-action-types/src/ActionTypes/index.js","statementMap":{"0":{"start":{"line":4,"column":37},"end":{"line":4,"column":96}},"1":{"start":{"line":4,"column":68},"end":{"line":4,"column":95}},"2":{"start":{"line":6,"column":26},"end":{"line":6,"column":93}},"3":{"start":{"line":6,"column":33},"end":{"line":6,"column":93}},"4":{"start":{"line":6,"column":44},"end":{"line":6,"column":93}},"5":{"start":{"line":7,"column":31},"end":{"line":7,"column":109}},"6":{"start":{"line":7,"column":38},"end":{"line":7,"column":109}},"7":{"start":{"line":7,"column":47},"end":{"line":7,"column":109}},"8":{"start":{"line":7,"column":58},"end":{"line":7,"column":109}},"9":{"start":{"line":9,"column":34},"end":{"line":9,"column":49}},"10":{"start":{"line":11,"column":23},"end":{"line":11,"column":61}},"11":{"start":{"line":13,"column":32},"end":{"line":13,"column":58}},"12":{"start":{"line":15,"column":22},"end":{"line":15,"column":38}},"13":{"start":{"line":17,"column":20},"end":{"line":17,"column":60}},"14":{"start":{"line":19,"column":27},"end":{"line":19,"column":53}},"15":{"start":{"line":19,"column":41},"end":{"line":19,"column":52}},"16":{"start":{"line":20,"column":27},"end":{"line":20,"column":53}},"17":{"start":{"line":20,"column":41},"end":{"line":20,"column":52}}},"fnMap":{"0":{"name":"(anonymous_0)","decl":{"start":{"line":4,"column":45},"end":{"line":4,"column":46}},"loc":{"start":{"line":4,"column":68},"end":{"line":4,"column":95}},"line":4},"1":{"name":"(anonymous_1)","decl":{"start":{"line":6,"column":26},"end":{"line":6,"column":27}},"loc":{"start":{"line":6,"column":33},"end":{"line":6,"column":93}},"line":6},"2":{"name":"(anonymous_2)","decl":{"start":{"line":6,"column":33},"end":{"line":6,"column":34}},"loc":{"start":{"line":6,"column":44},"end":{"line":6,"column":93}},"line":6},"3":{"name":"(anonymous_3)","decl":{"start":{"line":7,"column":31},"end":{"line":7,"column":32}},"loc":{"start":{"line":7,"column":38},"end":{"line":7,"column":109}},"line":7},"4":{"name":"(anonymous_4)","decl":{"start":{"line":7,"column":38},"end":{"line":7,"column":39}},"loc":{"start":{"line":7,"column":47},"end":{"line":7,"column":109}},"line":7},"5":{"name":"(anonymous_5)","decl":{"start":{"line":7,"column":47},"end":{"line":7,"column":48}},"loc":{"start":{"line":7,"column":58},"end":{"line":7,"column":109}},"line":7},"6":{"name":"(anonymous_6)","decl":{"start":{"line":19,"column":34},"end":{"line":19,"column":35}},"loc":{"start":{"line":19,"column":41},"end":{"line":19,"column":52}},"line":19},"7":{"name":"(anonymous_7)","decl":{"start":{"line":20,"column":34},"end":{"line":20,"column":35}},"loc":{"start":{"line":20,"column":41},"end":{"line":20,"column":52}},"line":20}},"branchMap":{},"s":{"0":1,"1":16,"2":1,"3":31,"4":37,"5":1,"6":0,"7":0,"8":0,"9":1,"10":1,"11":1,"12":1,"13":1,"14":1,"15":20,"16":1,"17":0},"f":{"0":16,"1":31,"2":37,"3":0,"4":0,"5":0,"6":20,"7":0},"b":{},"_coverageSchema":"43e27e138ebf9cfc5966b082cf9a028302ed4184","hash":"f5b21620d524bc3772a1379a672eb043bb5e9164"}
}
