{"/home/fabien/Documents/work/gka-redux-action-types/src/ActionTypes/index.js": {"path":"/home/fabien/Documents/work/gka-redux-action-types/src/ActionTypes/index.js","statementMap":{"0":{"start":{"line":4,"column":32},"end":{"line":4,"column":89}},"1":{"start":{"line":4,"column":61},"end":{"line":4,"column":88}},"2":{"start":{"line":6,"column":34},"end":{"line":6,"column":42}},"3":{"start":{"line":10,"column":35},"end":{"line":22,"column":1}},"4":{"start":{"line":10,"column":48},"end":{"line":22,"column":1}},"5":{"start":{"line":11,"column":1},"end":{"line":11,"column":34}},"6":{"start":{"line":13,"column":1},"end":{"line":20,"column":7}},"7":{"start":{"line":14,"column":2},"end":{"line":15,"column":27}},"8":{"start":{"line":15,"column":3},"end":{"line":15,"column":27}},"9":{"start":{"line":17,"column":12},"end":{"line":17,"column":29}},"10":{"start":{"line":18,"column":2},"end":{"line":18,"column":29}},"11":{"start":{"line":19,"column":2},"end":{"line":19,"column":15}},"12":{"start":{"line":25,"column":27},"end":{"line":28,"column":1}},"13":{"start":{"line":25,"column":35},"end":{"line":28,"column":1}},"14":{"start":{"line":25,"column":47},"end":{"line":28,"column":1}},"15":{"start":{"line":26,"column":1},"end":{"line":26,"column":34}},"16":{"start":{"line":27,"column":1},"end":{"line":27,"column":59}},"17":{"start":{"line":35,"column":29},"end":{"line":43,"column":1}},"18":{"start":{"line":35,"column":66},"end":{"line":43,"column":1}},"19":{"start":{"line":36,"column":1},"end":{"line":36,"column":34}},"20":{"start":{"line":39,"column":1},"end":{"line":40,"column":34}},"21":{"start":{"line":40,"column":2},"end":{"line":40,"column":34}},"22":{"start":{"line":40,"column":13},"end":{"line":40,"column":33}},"23":{"start":{"line":42,"column":1},"end":{"line":42,"column":47}},"24":{"start":{"line":42,"column":24},"end":{"line":42,"column":45}},"25":{"start":{"line":42,"column":29},"end":{"line":42,"column":45}},"26":{"start":{"line":45,"column":24},"end":{"line":45,"column":36}},"27":{"start":{"line":52,"column":28},"end":{"line":57,"column":2}},"28":{"start":{"line":53,"column":1},"end":{"line":55,"column":4}},"29":{"start":{"line":54,"column":2},"end":{"line":54,"column":42}},"30":{"start":{"line":61,"column":26},"end":{"line":63,"column":1}},"31":{"start":{"line":61,"column":34},"end":{"line":63,"column":1}},"32":{"start":{"line":62,"column":1},"end":{"line":62,"column":35}}},"fnMap":{"0":{"name":"(anonymous_0)","decl":{"start":{"line":4,"column":38},"end":{"line":4,"column":39}},"loc":{"start":{"line":4,"column":61},"end":{"line":4,"column":88}},"line":4},"1":{"name":"(anonymous_1)","decl":{"start":{"line":10,"column":35},"end":{"line":10,"column":36}},"loc":{"start":{"line":10,"column":48},"end":{"line":22,"column":1}},"line":10},"2":{"name":"(anonymous_2)","decl":{"start":{"line":10,"column":48},"end":{"line":10,"column":49}},"loc":{"start":{"line":10,"column":83},"end":{"line":22,"column":1}},"line":10},"3":{"name":"(anonymous_3)","decl":{"start":{"line":13,"column":20},"end":{"line":13,"column":21}},"loc":{"start":{"line":13,"column":37},"end":{"line":20,"column":2}},"line":13},"4":{"name":"(anonymous_4)","decl":{"start":{"line":25,"column":27},"end":{"line":25,"column":28}},"loc":{"start":{"line":25,"column":35},"end":{"line":28,"column":1}},"line":25},"5":{"name":"(anonymous_5)","decl":{"start":{"line":25,"column":35},"end":{"line":25,"column":36}},"loc":{"start":{"line":25,"column":47},"end":{"line":28,"column":1}},"line":25},"6":{"name":"(anonymous_6)","decl":{"start":{"line":25,"column":47},"end":{"line":25,"column":48}},"loc":{"start":{"line":25,"column":83},"end":{"line":28,"column":1}},"line":25},"7":{"name":"(anonymous_7)","decl":{"start":{"line":35,"column":29},"end":{"line":35,"column":30}},"loc":{"start":{"line":35,"column":66},"end":{"line":43,"column":1}},"line":35},"8":{"name":"(anonymous_8)","decl":{"start":{"line":35,"column":66},"end":{"line":35,"column":67}},"loc":{"start":{"line":35,"column":77},"end":{"line":43,"column":1}},"line":35},"9":{"name":"(anonymous_9)","decl":{"start":{"line":40,"column":9},"end":{"line":40,"column":10}},"loc":{"start":{"line":40,"column":13},"end":{"line":40,"column":33}},"line":40},"10":{"name":"(anonymous_10)","decl":{"start":{"line":42,"column":17},"end":{"line":42,"column":18}},"loc":{"start":{"line":42,"column":24},"end":{"line":42,"column":45}},"line":42},"11":{"name":"(anonymous_11)","decl":{"start":{"line":42,"column":24},"end":{"line":42,"column":25}},"loc":{"start":{"line":42,"column":29},"end":{"line":42,"column":45}},"line":42},"12":{"name":"(anonymous_12)","decl":{"start":{"line":52,"column":35},"end":{"line":52,"column":36}},"loc":{"start":{"line":52,"column":53},"end":{"line":57,"column":1}},"line":52},"13":{"name":"(anonymous_13)","decl":{"start":{"line":53,"column":21},"end":{"line":53,"column":22}},"loc":{"start":{"line":53,"column":30},"end":{"line":55,"column":2}},"line":53},"14":{"name":"(anonymous_14)","decl":{"start":{"line":61,"column":26},"end":{"line":61,"column":27}},"loc":{"start":{"line":61,"column":34},"end":{"line":63,"column":1}},"line":61},"15":{"name":"(anonymous_15)","decl":{"start":{"line":61,"column":34},"end":{"line":61,"column":35}},"loc":{"start":{"line":61,"column":69},"end":{"line":63,"column":1}},"line":61}},"branchMap":{"0":{"loc":{"start":{"line":10,"column":49},"end":{"line":10,"column":79}},"type":"default-arg","locations":[{"start":{"line":10,"column":61},"end":{"line":10,"column":79}}],"line":10},"1":{"loc":{"start":{"line":14,"column":2},"end":{"line":15,"column":27}},"type":"if","locations":[{"start":{"line":14,"column":2},"end":{"line":15,"column":27}},{"start":{"line":14,"column":2},"end":{"line":15,"column":27}}],"line":14},"2":{"loc":{"start":{"line":25,"column":48},"end":{"line":25,"column":80}},"type":"default-arg","locations":[{"start":{"line":25,"column":62},"end":{"line":25,"column":80}}],"line":25},"3":{"loc":{"start":{"line":35,"column":30},"end":{"line":35,"column":61}},"type":"default-arg","locations":[{"start":{"line":35,"column":43},"end":{"line":35,"column":61}}],"line":35},"4":{"loc":{"start":{"line":39,"column":1},"end":{"line":40,"column":34}},"type":"if","locations":[{"start":{"line":39,"column":1},"end":{"line":40,"column":34}},{"start":{"line":39,"column":1},"end":{"line":40,"column":34}}],"line":39},"5":{"loc":{"start":{"line":61,"column":35},"end":{"line":61,"column":65}},"type":"default-arg","locations":[{"start":{"line":61,"column":47},"end":{"line":61,"column":65}}],"line":61}},"s":{"0":1,"1":16,"2":1,"3":1,"4":19,"5":22,"6":22,"7":54,"8":13,"9":54,"10":54,"11":54,"12":1,"13":6,"14":6,"15":7,"16":7,"17":1,"18":3,"19":3,"20":3,"21":1,"22":1,"23":2,"24":5,"25":8,"26":1,"27":1,"28":7,"29":20,"30":1,"31":44,"32":50},"f":{"0":16,"1":19,"2":22,"3":54,"4":6,"5":6,"6":7,"7":3,"8":3,"9":1,"10":5,"11":8,"12":7,"13":20,"14":44,"15":50},"b":{"0":[9],"1":[13,41],"2":[2],"3":[0],"4":[1,2],"5":[2]},"_coverageSchema":"43e27e138ebf9cfc5966b082cf9a028302ed4184","hash":"5965481d240c6a066de44e49d22575f42f20973f"}
}
