TN:
SF:/home/fabien/Documents/work/gka-redux-action-types/src/ActionTypes/index.js
FN:4,(anonymous_0)
FN:10,(anonymous_1)
FN:10,(anonymous_2)
FN:13,(anonymous_3)
FN:25,(anonymous_4)
FN:25,(anonymous_5)
FN:25,(anonymous_6)
FN:35,(anonymous_7)
FN:35,(anonymous_8)
FN:40,(anonymous_9)
FN:42,(anonymous_10)
FN:42,(anonymous_11)
FN:52,(anonymous_12)
FN:53,(anonymous_13)
FN:61,(anonymous_14)
FN:61,(anonymous_15)
FNF:16
FNH:16
FNDA:16,(anonymous_0)
FNDA:19,(anonymous_1)
FNDA:22,(anonymous_2)
FNDA:54,(anonymous_3)
FNDA:6,(anonymous_4)
FNDA:6,(anonymous_5)
FNDA:7,(anonymous_6)
FNDA:3,(anonymous_7)
FNDA:3,(anonymous_8)
FNDA:1,(anonymous_9)
FNDA:5,(anonymous_10)
FNDA:8,(anonymous_11)
FNDA:7,(anonymous_12)
FNDA:20,(anonymous_13)
FNDA:44,(anonymous_14)
FNDA:50,(anonymous_15)
DA:4,16
DA:6,1
DA:10,19
DA:11,22
DA:13,22
DA:14,54
DA:15,13
DA:17,54
DA:18,54
DA:19,54
DA:25,6
DA:26,7
DA:27,7
DA:35,3
DA:36,3
DA:39,3
DA:40,1
DA:42,8
DA:45,1
DA:52,1
DA:53,7
DA:54,20
DA:61,44
DA:62,50
LF:24
LH:24
BRDA:10,0,0,9
BRDA:14,1,0,13
BRDA:14,1,1,41
BRDA:25,2,0,2
BRDA:35,3,0,0
BRDA:39,4,0,1
BRDA:39,4,1,2
BRDA:61,5,0,2
BRF:8
BRH:7
end_of_record
